This is pdfTeX, Version 3.14159265-2.6-1.40.21 (TeX Live 2020/W32TeX) (preloaded format=pdflatex 2021.2.22)  30 SEP 2021 19:11
entering extended mode
 restricted \write18 enabled.
 %&-line parsing enabled.
**"Parte 2.tex"
(./Parte 2.tex
LaTeX2e <2020-10-01> patch level 4
L3 programming layer <2021-02-18>
(d:/Programas/Tex lite/texlive/2020/texmf-dist/tex/latex/base/article.cls
Document Class: article 2020/04/10 v1.4m Standard LaTeX document class
(d:/Programas/Tex lite/texlive/2020/texmf-dist/tex/latex/base/size10.clo
File: size10.clo 2020/04/10 v1.4m Standard LaTeX file (size option)
)
\c@part=\count179
\c@section=\count180
\c@subsection=\count181
\c@subsubsection=\count182
\c@paragraph=\count183
\c@subparagraph=\count184
\c@figure=\count185
\c@table=\count186
\abovecaptionskip=\skip47
\belowcaptionskip=\skip48
\bibindent=\dimen138
)
(./Algo1Macros.tex
(d:/Programas/Tex lite/texlive/2020/texmf-dist/tex/latex/base/ifthen.sty
Package: ifthen 2014/09/29 v1.1c Standard LaTeX ifthen package (DPC)
)
(d:/Programas/Tex lite/texlive/2020/texmf-dist/tex/latex/amsfonts/amssymb.sty
Package: amssymb 2013/01/14 v3.01 AMS font symbols

(d:/Programas/Tex lite/texlive/2020/texmf-dist/tex/latex/amsfonts/amsfonts.sty
Package: amsfonts 2013/01/14 v3.01 Basic AMSFonts support
\@emptytoks=\toks15
\symAMSa=\mathgroup4
\symAMSb=\mathgroup5
LaTeX Font Info:    Redeclaring math symbol \hbar on input line 98.
LaTeX Font Info:    Overwriting math alphabet `\mathfrak' in version `bold'
(Font)                  U/euf/m/n --> U/euf/b/n on input line 106.
)) (d:/Programas/Tex lite/texlive/2020/texmf-dist/tex/latex/tools/multicol.sty
Package: multicol 2019/12/09 v1.8y multicolumn formatting (FMi)
\c@tracingmulticols=\count187
\mult@box=\box47
\multicol@leftmargin=\dimen139
\c@unbalance=\count188
\c@collectmore=\count189
\doublecol@number=\count190
\multicoltolerance=\count191
\multicolpretolerance=\count192
\full@width=\dimen140
\page@free=\dimen141
\premulticols=\dimen142
\postmulticols=\dimen143
\multicolsep=\skip49
\multicolbaselineskip=\skip50
\partial@page=\box48
\last@line=\box49
\maxbalancingoverflow=\dimen144
\mult@rightbox=\box50
\mult@grightbox=\box51
\mult@gfirstbox=\box52
\mult@firstbox=\box53
\@tempa=\box54
\@tempa=\box55
\@tempa=\box56
\@tempa=\box57
\@tempa=\box58
\@tempa=\box59
\@tempa=\box60
\@tempa=\box61
\@tempa=\box62
\@tempa=\box63
\@tempa=\box64
\@tempa=\box65
\@tempa=\box66
\@tempa=\box67
\@tempa=\box68
\@tempa=\box69
\@tempa=\box70
\@tempa=\box71
\@tempa=\box72
\@tempa=\box73
\@tempa=\box74
\@tempa=\box75
\@tempa=\box76
\@tempa=\box77
\@tempa=\box78
\@tempa=\box79
\@tempa=\box80
\@tempa=\box81
\@tempa=\box82
\@tempa=\box83
\@tempa=\box84
\@tempa=\box85
\@tempa=\box86
\@tempa=\box87
\@tempa=\box88
\@tempa=\box89
\@tempa=\box90
\c@minrows=\count193
\c@columnbadness=\count194
\c@finalcolumnbadness=\count195
\last@try=\dimen145
\multicolovershoot=\dimen146
\multicolundershoot=\dimen147
\mult@nat@firstbox=\box91
\colbreak@box=\box92
\mc@col@check@num=\count196
)
(d:/Programas/Tex lite/texlive/2020/texmf-dist/tex/latex/graphics/graphicx.sty
Package: graphicx 2020/09/09 v1.2b Enhanced LaTeX Graphics (DPC,SPQR)

(d:/Programas/Tex lite/texlive/2020/texmf-dist/tex/latex/graphics/keyval.sty
Package: keyval 2014/10/28 v1.15 key=value parser (DPC)
\KV@toks@=\toks16
)
(d:/Programas/Tex lite/texlive/2020/texmf-dist/tex/latex/graphics/graphics.sty
Package: graphics 2020/08/30 v1.4c Standard LaTeX Graphics (DPC,SPQR)

(d:/Programas/Tex lite/texlive/2020/texmf-dist/tex/latex/graphics/trig.sty
Package: trig 2016/01/03 v1.10 sin cos tan (DPC)
)
(d:/Programas/Tex lite/texlive/2020/texmf-dist/tex/latex/graphics-cfg/graphics.
cfg
File: graphics.cfg 2016/06/04 v1.11 sample graphics configuration
)
Package graphics Info: Driver file: pdftex.def on input line 105.

(d:/Programas/Tex lite/texlive/2020/texmf-dist/tex/latex/graphics-def/pdftex.de
f
File: pdftex.def 2020/10/05 v1.2a Graphics/color driver for pdftex
))
\Gin@req@height=\dimen148
\Gin@req@width=\dimen149
)
(d:/Programas/Tex lite/texlive/2020/texmf-dist/tex/latex/textpos/textpos.sty
Package: textpos 2020/09/26 v1.10

Package: textpos 2020/09/26 1.10, absolute positioning of text on the page
Package textpos Info: choosing support for LaTeX3 on input line 61.
\TP@textbox=\box93
\TP@holdbox=\box94
\TPHorizModule=\dimen150
\TPVertModule=\dimen151
\TP@margin=\dimen152
\TP@absmargin=\dimen153
Grid set 16 x 16 = 37.34424pt x 52.81541pt
\TPboxrulesize=\dimen154
\TP@ox=\dimen155
\TP@oy=\dimen156
\TP@tbargs=\toks17
TextBlockOrigin set to 0pt x 0pt
) (d:/Programas/Tex lite/texlive/2020/texmf-dist/tex/latex/amsmath/amsmath.sty
Package: amsmath 2020/09/23 v2.17i AMS math features
\@mathmargin=\skip51

For additional information on amsmath, use the `?' option.
(d:/Programas/Tex lite/texlive/2020/texmf-dist/tex/latex/amsmath/amstext.sty
Package: amstext 2000/06/29 v2.01 AMS text

(d:/Programas/Tex lite/texlive/2020/texmf-dist/tex/latex/amsmath/amsgen.sty
File: amsgen.sty 1999/11/30 v2.0 generic functions
\@emptytoks=\toks18
\ex@=\dimen157
))
(d:/Programas/Tex lite/texlive/2020/texmf-dist/tex/latex/amsmath/amsbsy.sty
Package: amsbsy 1999/11/29 v1.2d Bold Symbols
\pmbraise@=\dimen158
)
(d:/Programas/Tex lite/texlive/2020/texmf-dist/tex/latex/amsmath/amsopn.sty
Package: amsopn 2016/03/08 v2.02 operator names
)
\inf@bad=\count197
LaTeX Info: Redefining \frac on input line 234.
\uproot@=\count198
\leftroot@=\count199
LaTeX Info: Redefining \overline on input line 399.
\classnum@=\count266
\DOTSCASE@=\count267
LaTeX Info: Redefining \ldots on input line 496.
LaTeX Info: Redefining \dots on input line 499.
LaTeX Info: Redefining \cdots on input line 620.
\Mathstrutbox@=\box95
\strutbox@=\box96
\big@size=\dimen159
LaTeX Font Info:    Redeclaring font encoding OML on input line 743.
LaTeX Font Info:    Redeclaring font encoding OMS on input line 744.
\macc@depth=\count268
\c@MaxMatrixCols=\count269
\dotsspace@=\muskip16
\c@parentequation=\count270
\dspbrk@lvl=\count271
\tag@help=\toks19
\row@=\count272
\column@=\count273
\maxfields@=\count274
\andhelp@=\toks20
\eqnshift@=\dimen160
\alignsep@=\dimen161
\tagshift@=\dimen162
\tagwidth@=\dimen163
\totwidth@=\dimen164
\lineht@=\dimen165
\@envbody=\toks21
\multlinegap=\skip52
\multlinetaggap=\skip53
\mathdisplay@stack=\toks22
LaTeX Info: Redefining \[ on input line 2923.
LaTeX Info: Redefining \] on input line 2924.
)
(d:/Programas/Tex lite/texlive/2020/texmf-dist/tex/latex/amsmath/amscd.sty
Package: amscd 2017/04/14 v2.1 AMS Commutative Diagrams
\athelp@=\toks23
\minaw@=\dimen166
\bigaw@=\dimen167
\minCDarrowwidth=\dimen168
)
(d:/Programas/Tex lite/texlive/2020/texmf-dist/tex/latex/amscls/amsthm.sty
Package: amsthm 2020/05/29 v2.20.6
\thm@style=\toks24
\thm@bodyfont=\toks25
\thm@headfont=\toks26
\thm@notefont=\toks27
\thm@headpunct=\toks28
\thm@preskip=\skip54
\thm@postskip=\skip55
\thm@headsep=\skip56
\dth@everypar=\toks29
)
(d:/Programas/Tex lite/texlive/2020/texmf-dist/tex/latex/base/latexsym.sty
Package: latexsym 1998/08/17 v2.2e Standard LaTeX package (lasy symbols)
\symlasy=\mathgroup6
LaTeX Font Info:    Overwriting symbol font `lasy' in version `bold'
(Font)                  U/lasy/m/n --> U/lasy/b/n on input line 52.
)
(d:/Programas/Tex lite/texlive/2020/texmf-dist/tex/latex/qtree/qtree.sty
Package: 2008/12/12 v.3.1bQtree: tree-drawing for linguistics
Package: qtree 2008/12/12 v.3.1bQtree: tree-drawing for linguistics
\c@treecount=\count275
\c@branchcount=\count276
\parentbox=\box97
\treebox=\box98
\treeboxone=\box99
\treeboxtwo=\box100
\treeboxthree=\box101
\treeboxfour=\box102
\treeboxfive=\box103
\treeboxsix=\box104
\treeboxseven=\box105
\treeboxeight=\box106
\treeboxnine=\box107
\treeboxten=\box108
\treeboxeleven=\box109
\treeboxtwelve=\box110
\treeboxthirteen=\box111
\treeboxfourteen=\box112
\treeboxfifteen=\box113
\treeboxsixteen=\box114
\treeboxseventeen=\box115
\treeboxeighteen=\box116
\treeboxnineteen=\box117
\treeboxtwenty=\box118
\treeoffsetone=\skip57
\treeoffsettwo=\skip58
\treeoffsetthree=\skip59
\treeoffsetfour=\skip60
\treeoffsetfive=\skip61
\treeoffsetsix=\skip62
\treeoffsetseven=\skip63
\treeoffseteight=\skip64
\treeoffsetnine=\skip65
\treeoffsetten=\skip66
\treeoffseteleven=\skip67
\treeoffsettwelve=\skip68
\treeoffsetthirteen=\skip69
\treeoffsetfourteen=\skip70
\treeoffsetfifteen=\skip71
\treeoffsetsixteen=\skip72
\treeoffsetseventeen=\skip73
\treeoffseteighteen=\skip74
\treeoffsetnineteen=\skip75
\treeoffsettwenty=\skip76
\treeshiftone=\skip77
\treeshifttwo=\skip78
\treeshiftthree=\skip79
\treeshiftfour=\skip80
\treeshiftfive=\skip81
\treeshiftsix=\skip82
\treeshiftseven=\skip83
\treeshifteight=\skip84
\treeshiftnine=\skip85
\treeshiftten=\skip86
\treeshifteleven=\skip87
\treeshifttwelve=\skip88
\treeshiftthirteen=\skip89
\treeshiftfourteen=\skip90
\treeshiftfifteen=\skip91
\treeshiftsixteen=\skip92
\treeshiftseventeen=\skip93
\treeshifteighteen=\skip94
\treeshiftnineteen=\skip95
\treeshifttwenty=\skip96
\treewidthone=\skip97
\treewidthtwo=\skip98
\treewidththree=\skip99
\treewidthfour=\skip100
\treewidthfive=\skip101
\treewidthsix=\skip102
\treewidthseven=\skip103
\treewidtheight=\skip104
\treewidthnine=\skip105
\treewidthten=\skip106
\treewidtheleven=\skip107
\treewidthtwelve=\skip108
\treewidththirteen=\skip109
\treewidthfourteen=\skip110
\treewidthfifteen=\skip111
\treewidthsixteen=\skip112
\treewidthseventeen=\skip113
\treewidtheighteen=\skip114
\treewidthnineteen=\skip115
\treewidthtwenty=\skip116
\daughteroffsetone=\skip117
\daughteroffsettwo=\skip118
\daughteroffsetthree=\skip119
\daughteroffsetfour=\skip120
\branchwidthone=\skip121
\branchwidthtwo=\skip122
\branchwidththree=\skip123
\branchwidthfour=\skip124
\parentoffset=\skip125
\treeoffset=\skip126
\daughteroffset=\skip127
\branchwidth=\skip128
\parentwidth=\skip129
\treewidth=\skip130
\qta=\toks30
\qtb=\toks31
\nbranches=\count277
\qroofx=\count278
\qroofy=\count279
\@qrscratchbox=\box119
) (d:/Programas/Tex lite/texlive/2020/texmf-dist/tex/latex/tools/xspace.sty
Package: xspace 2014/10/28 v1.13 Space after command names (DPC,MH)
)
(d:/Programas/Tex lite/texlive/2020/texmf-dist/tex/latex/graphics/rotating.sty
Package: rotating 2016/08/11 v2.16d rotated objects in LaTeX
\c@r@tfl@t=\count280
\rotFPtop=\skip131
\rotFPbot=\skip132
\rot@float@box=\box120
\rot@mess@toks=\toks32
)
(d:/Programas/Tex lite/texlive/2020/texmf-dist/tex/latex/doublestroke/dsfont.st
y
Package: dsfont 1995/08/01 v0.1 Double stroke roman fonts
) (d:/Programas/Tex lite/texlive/2020/texmf-dist/tex/generic/babel/babel.sty
Package: babel 2021/01/26 3.53 The Babel package

(d:/Programas/Tex lite/texlive/2020/texmf-dist/tex/generic/babel/babel.def
File: babel.def 2021/01/26 3.53 Babel common definitions
\babel@savecnt=\count281
\U@D=\dimen169
\l@babelnohyphens=\language86

(d:/Programas/Tex lite/texlive/2020/texmf-dist/tex/generic/babel/txtbabel.def)
\bbl@readstream=\read2
)
\bbl@dirlevel=\count282

(d:/Programas/Tex lite/texlive/2020/texmf-dist/tex/generic/babel-spanish/spanis
h.ldf
Language: spanish.ldf 2016/03/03 v5.0p Spanish support from the babel system
\es@quottoks=\toks33
\es@quotdepth=\count283
Package babel Info: Making " an active character on input line 561.
Package babel Info: Making . an active character on input line 662.
Package babel Info: Making < an active character on input line 707.
Package babel Info: Making > an active character on input line 707.
Package babel Info: Making ' an active character on input line 725.
))
(d:/Programas/Tex lite/texlive/2020/texmf-dist/tex/latex/base/inputenc.sty
Package: inputenc 2020/08/01 v1.3d Input encoding file
\inpenc@prehook=\toks34
\inpenc@posthook=\toks35
)
(d:/Programas/Tex lite/texlive/2020/texmf-dist/tex/latex/pgf/utilities/pgfpages
.sty
Package: pgfpages 2011/01/05 ver 0.02

(d:/Programas/Tex lite/texlive/2020/texmf-dist/tex/latex/pgf/basiclayer/pgfcore
.sty
(d:/Programas/Tex lite/texlive/2020/texmf-dist/tex/latex/pgf/systemlayer/pgfsys
.sty
(d:/Programas/Tex lite/texlive/2020/texmf-dist/tex/latex/pgf/utilities/pgfrcs.s
ty
(d:/Programas/Tex lite/texlive/2020/texmf-dist/tex/generic/pgf/utilities/pgfuti
l-common.tex
\pgfutil@everybye=\toks36
\pgfutil@tempdima=\dimen170
\pgfutil@tempdimb=\dimen171

(d:/Programas/Tex lite/texlive/2020/texmf-dist/tex/generic/pgf/utilities/pgfuti
l-common-lists.tex))
(d:/Programas/Tex lite/texlive/2020/texmf-dist/tex/generic/pgf/utilities/pgfuti
l-latex.def
\pgfutil@abb=\box121
)
(d:/Programas/Tex lite/texlive/2020/texmf-dist/tex/generic/pgf/utilities/pgfrcs
.code.tex
(d:/Programas/Tex lite/texlive/2020/texmf-dist/tex/generic/pgf/pgf.revision.tex
)
Package: pgfrcs 2020/12/27 v3.1.8b (3.1.8b)
))
(d:/Programas/Tex lite/texlive/2020/texmf-dist/tex/generic/pgf/systemlayer/pgfs
ys.code.tex
Package: pgfsys 2020/12/27 v3.1.8b (3.1.8b)

(d:/Programas/Tex lite/texlive/2020/texmf-dist/tex/generic/pgf/utilities/pgfkey
s.code.tex
\pgfkeys@pathtoks=\toks37
\pgfkeys@temptoks=\toks38

(d:/Programas/Tex lite/texlive/2020/texmf-dist/tex/generic/pgf/utilities/pgfkey
sfiltered.code.tex
\pgfkeys@tmptoks=\toks39
))
\pgf@x=\dimen172
\pgf@y=\dimen173
\pgf@xa=\dimen174
\pgf@ya=\dimen175
\pgf@xb=\dimen176
\pgf@yb=\dimen177
\pgf@xc=\dimen178
\pgf@yc=\dimen179
\pgf@xd=\dimen180
\pgf@yd=\dimen181
\w@pgf@writea=\write3
\r@pgf@reada=\read3
\c@pgf@counta=\count284
\c@pgf@countb=\count285
\c@pgf@countc=\count286
\c@pgf@countd=\count287
\t@pgf@toka=\toks40
\t@pgf@tokb=\toks41
\t@pgf@tokc=\toks42
\pgf@sys@id@count=\count288

(d:/Programas/Tex lite/texlive/2020/texmf-dist/tex/generic/pgf/systemlayer/pgf.
cfg
File: pgf.cfg 2020/12/27 v3.1.8b (3.1.8b)
)
Driver file for pgf: pgfsys-pdftex.def

(d:/Programas/Tex lite/texlive/2020/texmf-dist/tex/generic/pgf/systemlayer/pgfs
ys-pdftex.def
File: pgfsys-pdftex.def 2020/12/27 v3.1.8b (3.1.8b)

(d:/Programas/Tex lite/texlive/2020/texmf-dist/tex/generic/pgf/systemlayer/pgfs
ys-common-pdf.def
File: pgfsys-common-pdf.def 2020/12/27 v3.1.8b (3.1.8b)
)))
(d:/Programas/Tex lite/texlive/2020/texmf-dist/tex/generic/pgf/systemlayer/pgfs
yssoftpath.code.tex
File: pgfsyssoftpath.code.tex 2020/12/27 v3.1.8b (3.1.8b)
\pgfsyssoftpath@smallbuffer@items=\count289
\pgfsyssoftpath@bigbuffer@items=\count290
)
(d:/Programas/Tex lite/texlive/2020/texmf-dist/tex/generic/pgf/systemlayer/pgfs
ysprotocol.code.tex
File: pgfsysprotocol.code.tex 2020/12/27 v3.1.8b (3.1.8b)
))
(d:/Programas/Tex lite/texlive/2020/texmf-dist/tex/latex/xcolor/xcolor.sty
Package: xcolor 2016/05/11 v2.12 LaTeX color extensions (UK)

(d:/Programas/Tex lite/texlive/2020/texmf-dist/tex/latex/graphics-cfg/color.cfg
File: color.cfg 2016/01/02 v1.6 sample color configuration
)
Package xcolor Info: Driver file: pdftex.def on input line 225.
Package xcolor Info: Model `cmy' substituted by `cmy0' on input line 1348.
Package xcolor Info: Model `hsb' substituted by `rgb' on input line 1352.
Package xcolor Info: Model `RGB' extended on input line 1364.
Package xcolor Info: Model `HTML' substituted by `rgb' on input line 1366.
Package xcolor Info: Model `Hsb' substituted by `hsb' on input line 1367.
Package xcolor Info: Model `tHsb' substituted by `hsb' on input line 1368.
Package xcolor Info: Model `HSB' substituted by `hsb' on input line 1369.
Package xcolor Info: Model `Gray' substituted by `gray' on input line 1370.
Package xcolor Info: Model `wave' substituted by `hsb' on input line 1371.
)
(d:/Programas/Tex lite/texlive/2020/texmf-dist/tex/generic/pgf/basiclayer/pgfco
re.code.tex
Package: pgfcore 2020/12/27 v3.1.8b (3.1.8b)

(d:/Programas/Tex lite/texlive/2020/texmf-dist/tex/generic/pgf/math/pgfmath.cod
e.tex
(d:/Programas/Tex lite/texlive/2020/texmf-dist/tex/generic/pgf/math/pgfmathcalc
.code.tex
(d:/Programas/Tex lite/texlive/2020/texmf-dist/tex/generic/pgf/math/pgfmathutil
.code.tex)
(d:/Programas/Tex lite/texlive/2020/texmf-dist/tex/generic/pgf/math/pgfmathpars
er.code.tex
\pgfmath@dimen=\dimen182
\pgfmath@count=\count291
\pgfmath@box=\box122
\pgfmath@toks=\toks43
\pgfmath@stack@operand=\toks44
\pgfmath@stack@operation=\toks45
)
(d:/Programas/Tex lite/texlive/2020/texmf-dist/tex/generic/pgf/math/pgfmathfunc
tions.code.tex
(d:/Programas/Tex lite/texlive/2020/texmf-dist/tex/generic/pgf/math/pgfmathfunc
tions.basic.code.tex)
(d:/Programas/Tex lite/texlive/2020/texmf-dist/tex/generic/pgf/math/pgfmathfunc
tions.trigonometric.code.tex)
(d:/Programas/Tex lite/texlive/2020/texmf-dist/tex/generic/pgf/math/pgfmathfunc
tions.random.code.tex)
(d:/Programas/Tex lite/texlive/2020/texmf-dist/tex/generic/pgf/math/pgfmathfunc
tions.comparison.code.tex)
(d:/Programas/Tex lite/texlive/2020/texmf-dist/tex/generic/pgf/math/pgfmathfunc
tions.base.code.tex)
(d:/Programas/Tex lite/texlive/2020/texmf-dist/tex/generic/pgf/math/pgfmathfunc
tions.round.code.tex)
(d:/Programas/Tex lite/texlive/2020/texmf-dist/tex/generic/pgf/math/pgfmathfunc
tions.misc.code.tex)
(d:/Programas/Tex lite/texlive/2020/texmf-dist/tex/generic/pgf/math/pgfmathfunc
tions.integerarithmetics.code.tex)))
(d:/Programas/Tex lite/texlive/2020/texmf-dist/tex/generic/pgf/math/pgfmathfloa
t.code.tex
\c@pgfmathroundto@lastzeros=\count292
))
(d:/Programas/Tex lite/texlive/2020/texmf-dist/tex/generic/pgf/math/pgfint.code
.tex)
(d:/Programas/Tex lite/texlive/2020/texmf-dist/tex/generic/pgf/basiclayer/pgfco
repoints.code.tex
File: pgfcorepoints.code.tex 2020/12/27 v3.1.8b (3.1.8b)
\pgf@picminx=\dimen183
\pgf@picmaxx=\dimen184
\pgf@picminy=\dimen185
\pgf@picmaxy=\dimen186
\pgf@pathminx=\dimen187
\pgf@pathmaxx=\dimen188
\pgf@pathminy=\dimen189
\pgf@pathmaxy=\dimen190
\pgf@xx=\dimen191
\pgf@xy=\dimen192
\pgf@yx=\dimen193
\pgf@yy=\dimen194
\pgf@zx=\dimen195
\pgf@zy=\dimen196
)
(d:/Programas/Tex lite/texlive/2020/texmf-dist/tex/generic/pgf/basiclayer/pgfco
repathconstruct.code.tex
File: pgfcorepathconstruct.code.tex 2020/12/27 v3.1.8b (3.1.8b)
\pgf@path@lastx=\dimen197
\pgf@path@lasty=\dimen198
)
(d:/Programas/Tex lite/texlive/2020/texmf-dist/tex/generic/pgf/basiclayer/pgfco
repathusage.code.tex
File: pgfcorepathusage.code.tex 2020/12/27 v3.1.8b (3.1.8b)
\pgf@shorten@end@additional=\dimen199
\pgf@shorten@start@additional=\dimen256
)
(d:/Programas/Tex lite/texlive/2020/texmf-dist/tex/generic/pgf/basiclayer/pgfco
rescopes.code.tex
File: pgfcorescopes.code.tex 2020/12/27 v3.1.8b (3.1.8b)
\pgfpic=\box123
\pgf@hbox=\box124
\pgf@layerbox@main=\box125
\pgf@picture@serial@count=\count293
)
(d:/Programas/Tex lite/texlive/2020/texmf-dist/tex/generic/pgf/basiclayer/pgfco
regraphicstate.code.tex
File: pgfcoregraphicstate.code.tex 2020/12/27 v3.1.8b (3.1.8b)
\pgflinewidth=\dimen257
)
(d:/Programas/Tex lite/texlive/2020/texmf-dist/tex/generic/pgf/basiclayer/pgfco
retransformations.code.tex
File: pgfcoretransformations.code.tex 2020/12/27 v3.1.8b (3.1.8b)
\pgf@pt@x=\dimen258
\pgf@pt@y=\dimen259
\pgf@pt@temp=\dimen260
)
(d:/Programas/Tex lite/texlive/2020/texmf-dist/tex/generic/pgf/basiclayer/pgfco
requick.code.tex
File: pgfcorequick.code.tex 2020/12/27 v3.1.8b (3.1.8b)
)
(d:/Programas/Tex lite/texlive/2020/texmf-dist/tex/generic/pgf/basiclayer/pgfco
reobjects.code.tex
File: pgfcoreobjects.code.tex 2020/12/27 v3.1.8b (3.1.8b)
)
(d:/Programas/Tex lite/texlive/2020/texmf-dist/tex/generic/pgf/basiclayer/pgfco
repathprocessing.code.tex
File: pgfcorepathprocessing.code.tex 2020/12/27 v3.1.8b (3.1.8b)
)
(d:/Programas/Tex lite/texlive/2020/texmf-dist/tex/generic/pgf/basiclayer/pgfco
rearrows.code.tex
File: pgfcorearrows.code.tex 2020/12/27 v3.1.8b (3.1.8b)
\pgfarrowsep=\dimen261
)
(d:/Programas/Tex lite/texlive/2020/texmf-dist/tex/generic/pgf/basiclayer/pgfco
reshade.code.tex
File: pgfcoreshade.code.tex 2020/12/27 v3.1.8b (3.1.8b)
\pgf@max=\dimen262
\pgf@sys@shading@range@num=\count294
\pgf@shadingcount=\count295
)
(d:/Programas/Tex lite/texlive/2020/texmf-dist/tex/generic/pgf/basiclayer/pgfco
reimage.code.tex
File: pgfcoreimage.code.tex 2020/12/27 v3.1.8b (3.1.8b)

(d:/Programas/Tex lite/texlive/2020/texmf-dist/tex/generic/pgf/basiclayer/pgfco
reexternal.code.tex
File: pgfcoreexternal.code.tex 2020/12/27 v3.1.8b (3.1.8b)
\pgfexternal@startupbox=\box126
))
(d:/Programas/Tex lite/texlive/2020/texmf-dist/tex/generic/pgf/basiclayer/pgfco
relayers.code.tex
File: pgfcorelayers.code.tex 2020/12/27 v3.1.8b (3.1.8b)
)
(d:/Programas/Tex lite/texlive/2020/texmf-dist/tex/generic/pgf/basiclayer/pgfco
retransparency.code.tex
File: pgfcoretransparency.code.tex 2020/12/27 v3.1.8b (3.1.8b)
)
(d:/Programas/Tex lite/texlive/2020/texmf-dist/tex/generic/pgf/basiclayer/pgfco
repatterns.code.tex
File: pgfcorepatterns.code.tex 2020/12/27 v3.1.8b (3.1.8b)
)
(d:/Programas/Tex lite/texlive/2020/texmf-dist/tex/generic/pgf/basiclayer/pgfco
rerdf.code.tex
File: pgfcorerdf.code.tex 2020/12/27 v3.1.8b (3.1.8b)
)))
(d:/Programas/Tex lite/texlive/2020/texmf-dist/tex/latex/tools/calc.sty
Package: calc 2017/05/25 v4.3 Infix arithmetic (KKT,FJ)
\calc@Acount=\count296
\calc@Bcount=\count297
\calc@Adimen=\dimen263
\calc@Bdimen=\dimen264
\calc@Askip=\skip133
\calc@Bskip=\skip134
LaTeX Info: Redefining \setlength on input line 80.
LaTeX Info: Redefining \addtolength on input line 81.
\calc@Ccount=\count298
\calc@Cskip=\skip135
)
\pgf@logicalpages=\count299
\pgf@firstshipout=\count300
\pgf@lastshipout=\count301
\pgf@currentshipout=\count302
\pgf@cpn=\count303
\pgf@shipoutnextto=\count304
\pgfphysicalheight=\dimen265
\pgfphysicalwidth=\dimen266
\pgfpages@shipoutbox=\box127
)
(d:/Programas/Tex lite/texlive/2020/texmf-dist/tex/latex/pgf/basiclayer/pgf.sty
Package: pgf 2020/12/27 v3.1.8b (3.1.8b)

(d:/Programas/Tex lite/texlive/2020/texmf-dist/tex/generic/pgf/modules/pgfmodul
eshapes.code.tex
File: pgfmoduleshapes.code.tex 2020/12/27 v3.1.8b (3.1.8b)
\pgfnodeparttextbox=\box128
)
(d:/Programas/Tex lite/texlive/2020/texmf-dist/tex/generic/pgf/modules/pgfmodul
eplot.code.tex
File: pgfmoduleplot.code.tex 2020/12/27 v3.1.8b (3.1.8b)
)
(d:/Programas/Tex lite/texlive/2020/texmf-dist/tex/latex/pgf/compatibility/pgfc
omp-version-0-65.sty
Package: pgfcomp-version-0-65 2020/12/27 v3.1.8b (3.1.8b)
\pgf@nodesepstart=\dimen267
\pgf@nodesepend=\dimen268
)
(d:/Programas/Tex lite/texlive/2020/texmf-dist/tex/latex/pgf/compatibility/pgfc
omp-version-1-18.sty
Package: pgfcomp-version-1-18 2020/12/27 v3.1.8b (3.1.8b)
))
(d:/Programas/Tex lite/texlive/2020/texmf-dist/tex/latex/pgf/compatibility/pgfa
rrows.sty
Package: pgfarrows 2020/12/27 v3.1.8b (3.1.8b)


Package pgfarrows Warning: This package is obsolete. pgf.sty will load arrow ma
nagement automatically on input line 17.

)
(d:/Programas/Tex lite/texlive/2020/texmf-dist/tex/latex/pgf/compatibility/pgfn
odes.sty
Package: pgfnodes 2020/12/27 v3.1.8b (3.1.8b)


Package pgfnodes Warning: This package is obsolete. pgf.sty will load node mana
gement automatically on input line 17.

)
(d:/Programas/Tex lite/texlive/2020/texmf-dist/tex/latex/pgf/compatibility/pgfa
utomata.sty
Package: pgfautomata 2020/12/27 v3.1.8b (3.1.8b)


Package pgfautomata Warning: This package is obsolete. on input line 17.

\pgf@stateradius=\dimen269
\pgf@mooreradius=\dimen270
\pgf@doublethickness=\dimen271
\pgf@statebackoff=\dimen272
)
(d:/Programas/Tex lite/texlive/2020/texmf-dist/tex/latex/pgf/compatibility/pgfh
eaps.sty
Package: pgfheaps 2020/12/27 v3.1.8b (3.1.8b)


Package pgfheaps Warning: This package is obsolete. on input line 16.

\pgf@heapx=\dimen273
\pgf@heapy=\dimen274
)
(d:/Programas/Tex lite/texlive/2020/texmf-dist/tex/latex/listings/listings.sty
\lst@mode=\count305
\lst@gtempboxa=\box129
\lst@token=\toks46
\lst@length=\count306
\lst@currlwidth=\dimen275
\lst@column=\count307
\lst@pos=\count308
\lst@lostspace=\dimen276
\lst@width=\dimen277
\lst@newlines=\count309
\lst@lineno=\count310
\lst@maxwidth=\dimen278

(d:/Programas/Tex lite/texlive/2020/texmf-dist/tex/latex/listings/lstmisc.sty
File: lstmisc.sty 2020/03/24 1.8d (Carsten Heinz)
\c@lstnumber=\count311
\lst@skipnumbers=\count312
\lst@framebox=\box130
)
(d:/Programas/Tex lite/texlive/2020/texmf-dist/tex/latex/listings/listings.cfg
File: listings.cfg 2020/03/24 1.8d listings configuration
))
Package: listings 2020/03/24 1.8d (Carsten Heinz)

(d:/Programas/Tex lite/texlive/2020/texmf-dist/tex/latex/todonotes/todonotes.st
y
Package: todonotes 2020/08/18 v1.1.3 Todonotes source and documentation.
Package: todonotes 2018/11/22
 (d:/Programas/Tex lite/texlive/2020/texmf-dist/tex/latex/xkeyval/xkeyval.sty
Package: xkeyval 2020/11/20 v2.8 package option processing (HA)

(d:/Programas/Tex lite/texlive/2020/texmf-dist/tex/generic/xkeyval/xkeyval.tex
(d:/Programas/Tex lite/texlive/2020/texmf-dist/tex/generic/xkeyval/xkvutils.tex
\XKV@toks=\toks47
\XKV@tempa@toks=\toks48
)
\XKV@depth=\count313
File: xkeyval.tex 2014/12/03 v2.7a key=value parser (HA)
))
(d:/Programas/Tex lite/texlive/2020/texmf-dist/tex/latex/pgf/frontendlayer/tikz
.sty
(d:/Programas/Tex lite/texlive/2020/texmf-dist/tex/latex/pgf/utilities/pgffor.s
ty
(d:/Programas/Tex lite/texlive/2020/texmf-dist/tex/latex/pgf/utilities/pgfkeys.
sty
(d:/Programas/Tex lite/texlive/2020/texmf-dist/tex/generic/pgf/utilities/pgfkey
s.code.tex))
(d:/Programas/Tex lite/texlive/2020/texmf-dist/tex/latex/pgf/math/pgfmath.sty
(d:/Programas/Tex lite/texlive/2020/texmf-dist/tex/generic/pgf/math/pgfmath.cod
e.tex))
(d:/Programas/Tex lite/texlive/2020/texmf-dist/tex/generic/pgf/utilities/pgffor
.code.tex
Package: pgffor 2020/12/27 v3.1.8b (3.1.8b)

(d:/Programas/Tex lite/texlive/2020/texmf-dist/tex/generic/pgf/math/pgfmath.cod
e.tex)
\pgffor@iter=\dimen279
\pgffor@skip=\dimen280
\pgffor@stack=\toks49
\pgffor@toks=\toks50
))
(d:/Programas/Tex lite/texlive/2020/texmf-dist/tex/generic/pgf/frontendlayer/ti
kz/tikz.code.tex
Package: tikz 2020/12/27 v3.1.8b (3.1.8b)

(d:/Programas/Tex lite/texlive/2020/texmf-dist/tex/generic/pgf/libraries/pgflib
raryplothandlers.code.tex
File: pgflibraryplothandlers.code.tex 2020/12/27 v3.1.8b (3.1.8b)
\pgf@plot@mark@count=\count314
\pgfplotmarksize=\dimen281
)
\tikz@lastx=\dimen282
\tikz@lasty=\dimen283
\tikz@lastxsaved=\dimen284
\tikz@lastysaved=\dimen285
\tikz@lastmovetox=\dimen286
\tikz@lastmovetoy=\dimen287
\tikzleveldistance=\dimen288
\tikzsiblingdistance=\dimen289
\tikz@figbox=\box131
\tikz@figbox@bg=\box132
\tikz@tempbox=\box133
\tikz@tempbox@bg=\box134
\tikztreelevel=\count315
\tikznumberofchildren=\count316
\tikznumberofcurrentchild=\count317
\tikz@fig@count=\count318

(d:/Programas/Tex lite/texlive/2020/texmf-dist/tex/generic/pgf/modules/pgfmodul
ematrix.code.tex
File: pgfmodulematrix.code.tex 2020/12/27 v3.1.8b (3.1.8b)
\pgfmatrixcurrentrow=\count319
\pgfmatrixcurrentcolumn=\count320
\pgf@matrix@numberofcolumns=\count321
)
\tikz@expandcount=\count322

(d:/Programas/Tex lite/texlive/2020/texmf-dist/tex/generic/pgf/frontendlayer/ti
kz/libraries/tikzlibrarytopaths.code.tex
File: tikzlibrarytopaths.code.tex 2020/12/27 v3.1.8b (3.1.8b)
)))
(d:/Programas/Tex lite/texlive/2020/texmf-dist/tex/generic/pgf/frontendlayer/ti
kz/libraries/tikzlibrarypositioning.code.tex
File: tikzlibrarypositioning.code.tex 2020/12/27 v3.1.8b (3.1.8b)
)
(d:/Programas/Tex lite/texlive/2020/texmf-dist/tex/generic/pgf/frontendlayer/ti
kz/libraries/tikzlibraryshadows.code.tex
File: tikzlibraryshadows.code.tex 2020/12/27 v3.1.8b (3.1.8b)

(d:/Programas/Tex lite/texlive/2020/texmf-dist/tex/generic/pgf/frontendlayer/ti
kz/libraries/tikzlibraryfadings.code.tex
File: tikzlibraryfadings.code.tex 2020/12/27 v3.1.8b (3.1.8b)

(d:/Programas/Tex lite/texlive/2020/texmf-dist/tex/generic/pgf/libraries/pgflib
raryfadings.code.tex
File: pgflibraryfadings.code.tex 2020/12/27 v3.1.8b (3.1.8b)
)))
\c@@todonotes@numberoftodonotes=\count323
)
(d:/Programas/Tex lite/texlive/2020/texmf-dist/tex/latex/url/url.sty
\Urlmuskip=\muskip17
Package: url 2013/09/16  ver 3.4  Verb mode for urls, etc.
)
(d:/Programas/Tex lite/texlive/2020/texmf-dist/tex/latex/float/float.sty
Package: float 2001/11/08 v1.3d Float enhancements (AL)
\c@float@type=\count324
\float@exts=\toks51
\float@box=\box135
\@float@everytoks=\toks52
\@floatcapt=\box136
)
(d:/Programas/Tex lite/texlive/2020/texmf-dist/tex/latex/framed/framed.sty
Package: framed 2011/10/22 v 0.96: framed or shaded text with page breaks
\OuterFrameSep=\skip136
\fb@frw=\dimen290
\fb@frh=\dimen291
\FrameRule=\dimen292
\FrameSep=\dimen293
)
(d:/Programas/Tex lite/texlive/2020/texmf-dist/tex/latex/geometry/geometry.sty
Package: geometry 2020/01/02 v5.9 Page Geometry

(d:/Programas/Tex lite/texlive/2020/texmf-dist/tex/generic/iftex/ifvtex.sty
Package: ifvtex 2019/10/25 v1.7 ifvtex legacy package. Use iftex instead.

(d:/Programas/Tex lite/texlive/2020/texmf-dist/tex/generic/iftex/iftex.sty
Package: iftex 2020/03/06 v1.0d TeX engine tests
))
\Gm@cnth=\count325
\Gm@cntv=\count326
\c@Gm@tempcnt=\count327
\Gm@bindingoffset=\dimen294
\Gm@wd@mp=\dimen295
\Gm@odd@mp=\dimen296
\Gm@even@mp=\dimen297
\Gm@layoutwidth=\dimen298
\Gm@layoutheight=\dimen299
\Gm@layouthoffset=\dimen300
\Gm@layoutvoffset=\dimen301
\Gm@dimlist=\toks53
)
\c@exercise=\count328
\c@consigna=\count329
)
(./caratula.sty
Package: caratula 2013/08/04 v0.5 Para componer caratulas de TPs del DC

Cargando package 'caratula' v0.5 (2013/08/04)
\intlist=\toks54
\intlistSinLU=\toks55
\c@integrantesCount=\count330
\intTabNombre=\toks56
\intTabLU=\toks57
\intTabEmail=\toks58
\c@directoresCount=\count331
\direcTabNombre=\toks59
\direcTabEmail=\toks60
\c@coDirectoresCount=\count332
\codirecTabNombre=\toks61
\codirecTabEmail=\toks62
)
(d:/Programas/Tex lite/texlive/2020/texmf-dist/tex/latex/l3backend/l3backend-pd
ftex.def
File: l3backend-pdftex.def 2021-02-18 L3 backend support: PDF output (pdfTeX)
\l__color_backend_stack_int=\count333
\l__pdf_internal_box=\box137
) (./Parte 2.aux
LaTeX Info: Redefining \. on input line 9.
LaTeX Info: Redefining \% on input line 9.
)
\openout1 = `"Parte 2.aux"'.

LaTeX Font Info:    Checking defaults for OML/cmm/m/it on input line 10.
LaTeX Font Info:    ... okay on input line 10.
LaTeX Font Info:    Checking defaults for OMS/cmsy/m/n on input line 10.
LaTeX Font Info:    ... okay on input line 10.
LaTeX Font Info:    Checking defaults for OT1/cmr/m/n on input line 10.
LaTeX Font Info:    ... okay on input line 10.
LaTeX Font Info:    Checking defaults for T1/cmr/m/n on input line 10.
LaTeX Font Info:    ... okay on input line 10.
LaTeX Font Info:    Checking defaults for TS1/cmr/m/n on input line 10.
LaTeX Font Info:    ... okay on input line 10.
LaTeX Font Info:    Checking defaults for OMX/cmex/m/n on input line 10.
LaTeX Font Info:    ... okay on input line 10.
LaTeX Font Info:    Checking defaults for U/cmr/m/n on input line 10.
LaTeX Font Info:    ... okay on input line 10.

(d:/Programas/Tex lite/texlive/2020/texmf-dist/tex/context/base/mkii/supp-pdf.m
kii
[Loading MPS to PDF converter (version 2006.09.02).]
\scratchcounter=\count334
\scratchdimen=\dimen302
\scratchbox=\box138
\nofMPsegments=\count335
\nofMParguments=\count336
\everyMPshowfont=\toks63
\MPscratchCnt=\count337
\MPscratchDim=\dimen303
\MPnumerator=\count338
\makeMPintoPDFobject=\count339
\everyMPtoPDFconversion=\toks64
)
(d:/Programas/Tex lite/texlive/2020/texmf-dist/tex/latex/epstopdf-pkg/epstopdf-
base.sty
Package: epstopdf-base 2020-01-24 v2.11 Base part for package epstopdf
Package epstopdf-base Info: Redefining graphics rule for `.eps' on input line 4
85.

(d:/Programas/Tex lite/texlive/2020/texmf-dist/tex/latex/latexconfig/epstopdf-s
ys.cfg
File: epstopdf-sys.cfg 2010/07/13 v1.3 Configuration of (r)epstopdf for TeX Liv
e
))
LaTeX Info: Redefining \. on input line 10.
LaTeX Info: Redefining \% on input line 10.
\c@lstlisting=\count340

*geometry* driver: auto-detecting
*geometry* detected driver: pdftex
*geometry* verbose mode - [ preamble ] result:
* driver: pdftex
* paper: a4paper
* layout: <same size as paper>
* layoutoffset:(h,v)=(0.0pt,0.0pt)
* modes: 
* h-part:(L,W,R)=(28.45274pt, 540.60239pt, 28.45274pt)
* v-part:(T,H,B)=(28.45274pt, 759.6886pt, 56.9055pt)
* \paperwidth=597.50787pt
* \paperheight=845.04684pt
* \textwidth=540.60239pt
* \textheight=759.6886pt
* \oddsidemargin=-43.81725pt
* \evensidemargin=-43.81725pt
* \topmargin=-80.81725pt
* \headheight=12.0pt
* \headsep=25.0pt
* \topskip=10.0pt
* \footskip=30.0pt
* \marginparwidth=57.0pt
* \marginparsep=11.0pt
* \columnsep=10.0pt
* \skip\footins=9.0pt plus 4.0pt minus 2.0pt
* \hoffset=0.0pt
* \voffset=0.0pt
* \mag=1000
* \@twocolumnfalse
* \@twosidefalse
* \@mparswitchfalse
* \@reversemarginfalse
* (1in=72.27pt=25.4mm, 1cm=28.453pt)

<logo_dc.jpg, id=29, 215.6055pt x 83.5923pt>
File: logo_dc.jpg Graphic file (type jpg)
<use logo_dc.jpg>
Package pdftex.def Info: logo_dc.jpg  used on input line 25.
(pdftex.def)             Requested size: 215.60497pt x 83.59207pt.

Underfull \hbox (badness 10000) in paragraph at lines 25--25

 []

LaTeX Font Info:    Trying to load font information for U+msa on input line 25.

(d:/Programas/Tex lite/texlive/2020/texmf-dist/tex/latex/amsfonts/umsa.fd
File: umsa.fd 2013/01/14 v3.01 AMS symbols A
)
LaTeX Font Info:    Trying to load font information for U+msb on input line 25.


(d:/Programas/Tex lite/texlive/2020/texmf-dist/tex/latex/amsfonts/umsb.fd
File: umsb.fd 2013/01/14 v3.01 AMS symbols B
)
LaTeX Font Info:    Trying to load font information for U+lasy on input line 25
.

(d:/Programas/Tex lite/texlive/2020/texmf-dist/tex/latex/base/ulasy.fd
File: ulasy.fd 1998/08/17 v2.2e LaTeX symbol font definitions
)
<logo_uba.jpg, id=30, 225.4824pt x 231.7458pt>
File: logo_uba.jpg Graphic file (type jpg)
<use logo_uba.jpg>
Package pdftex.def Info: logo_uba.jpg  used on input line 25.
(pdftex.def)             Requested size: 225.48184pt x 231.74522pt.

Underfull \hbox (badness 10000) in paragraph at lines 25--25

 []

[1

{d:/Programas/Tex lite/texlive/2020/texmf-var/fonts/map/pdftex/updmap/pdftex.ma
p} <./logo_dc.jpg> <./logo_uba.jpg>]
LaTeX Font Info:    Font shape `OT1/cmtt/bx/n' in size <10> not available
(Font)              Font shape `OT1/cmtt/m/n' tried instead on input line 30.
LaTeX Font Info:    Trying to load font information for OMS+cmr on input line 3
0.

(d:/Programas/Tex lite/texlive/2020/texmf-dist/tex/latex/base/omscmr.fd
File: omscmr.fd 2019/12/16 v2.5j Standard LaTeX font definitions
)
LaTeX Font Info:    Font shape `OMS/cmr/m/n' in size <10> not available
(Font)              Font shape `OMS/cmsy/m/n' tried instead on input line 30.
LaTeX Font Info:    Trying to load font information for U+dsrom on input line 3
6.

(d:/Programas/Tex lite/texlive/2020/texmf-dist/tex/latex/doublestroke/Udsrom.fd
File: Udsrom.fd 1995/08/01 v0.1 Double stroke roman font definitions
)
Overfull \hbox (26.30383pt too wide) in paragraph at lines 54--54
 [] \OML/cmm/m/it/10 < []$\OMS/cmsy/m/n/10 g 
 []

[1]
Overfull \hbox (4.14986pt too wide) in paragraph at lines 119--119
 \OT1/cmr/m/n/10 (\OMS/cmsy/m/n/10 8\OML/cmm/m/it/10 i \OT1/cmr/m/n/10 : \U/dsr
om/m/n/10 Z\OT1/cmr/m/n/10 )(0 \OMS/cmsy/m/n/10 ^^T \OML/cmm/m/it/10 i < \OMS/c
msy/m/n/10 j\OML/cmm/m/it/10 result[]\OMS/cmsy/m/n/10 j [][]![] \OML/cmm/m/it/1
0 contieneHogarDeIndividuo\OT1/cmr/m/n/10 (\OML/cmm/m/it/10 ti\OT1/cmr/m/n/10 [
\OML/cmm/m/it/10 i\OT1/cmr/m/n/10 ]\OML/cmm/m/it/10 ; th\OT1/cmr/m/n/10 ) \OMS/
cmsy/m/n/10 ^ :\OML/cmm/m/it/10 contieneHogarDeIndividuo\OT1/cmr/m/n/10 (\OML/c
mm/m/it/10 ti\OT1/cmr/m/n/10 [\OML/cmm/m/it/10 i\OT1/cmr/m/n/10 ]\OML/cmm/m/it/
10 ; result[]\OT1/cmr/m/n/10 )[] 
 []


Overfull \hbox (20.42633pt too wide) in paragraph at lines 146--146
[][][]\OML/cmm/m/it/10 anioTrimestreTabla\OT1/cmr/m/n/10 (\OML/cmm/m/it/10 tI; 
ord\OT1/cmr/m/n/10 (\OML/cmm/m/it/10 INDANO\OT1/cmr/m/n/10 )\OML/cmm/m/it/10 ; 
ord\OT1/cmr/m/n/10 (\OML/cmm/m/it/10 INDTRIMESTRE\OT1/cmr/m/n/10 ))  \OMS/cmsy/
m/n/10 ^  \OML/cmm/m/it/10 cantMiembrosHogarMenorOIgual\OT1/cmr/m/n/10 20(\OML/
cmm/m/it/10 th; ti\OT1/cmr/m/n/10 )  \OMS/cmsy/m/n/10 ^
 []

[2]
Overfull \hbox (16.50351pt too wide) in paragraph at lines 169--169
[][][]\OT1/cmr/m/n/10 (\OMS/cmsy/m/n/10 8\OML/cmm/m/it/10 i \OT1/cmr/m/n/10 : \
U/dsrom/m/n/10 Z\OT1/cmr/m/n/10 )(0 \OMS/cmsy/m/n/10 ^^T \OML/cmm/m/it/10 i < f
ilas\OT1/cmr/m/n/10 (\OML/cmm/m/it/10 m\OT1/cmr/m/n/10 ) [][]\OMS/cmsy/m/n/10 !
[] \OT1/cmr/m/n/10 (\OMS/cmsy/m/n/10 9\OML/cmm/m/it/10 j \OT1/cmr/m/n/10 : \U/d
srom/m/n/10 Z\OT1/cmr/m/n/10 )(0 \OMS/cmsy/m/n/10 ^^T \OML/cmm/m/it/10 j < fila
s\OT1/cmr/m/n/10 (\OML/cmm/m/it/10 z\OT1/cmr/m/n/10 )  \OMS/cmsy/m/n/10 ^[]  \O
ML/cmm/m/it/10 z\OT1/cmr/m/n/10 [\OML/cmm/m/it/10 j\OT1/cmr/m/n/10 ][\OML/cmm/m
/it/10 ord\OT1/cmr/m/n/10 (\OML/cmm/m/it/10 INDCODUSU\OT1/cmr/m/n/10 )] = \OML/
cmm/m/it/10 m\OT1/cmr/m/n/10 [\OML/cmm/m/it/10 i\OT1/cmr/m/n/10 ][\OML/cmm/m/it
/10 ord\OT1/cmr/m/n/10 (\OML/cmm/m/it/10 HOGCODUSU\OT1/cmr/m/n/10 )])[] 
 []


Overfull \hbox (16.50351pt too wide) in paragraph at lines 172--172
[][][]\OT1/cmr/m/n/10 (\OMS/cmsy/m/n/10 8\OML/cmm/m/it/10 j \OT1/cmr/m/n/10 : \
U/dsrom/m/n/10 Z\OT1/cmr/m/n/10 )(0 \OMS/cmsy/m/n/10 ^^T \OML/cmm/m/it/10 j < f
ilas\OT1/cmr/m/n/10 (\OML/cmm/m/it/10 z\OT1/cmr/m/n/10 ) [][]\OMS/cmsy/m/n/10 !
[] \OT1/cmr/m/n/10 (\OMS/cmsy/m/n/10 9\OML/cmm/m/it/10 i \OT1/cmr/m/n/10 : \U/d
srom/m/n/10 Z\OT1/cmr/m/n/10 )(0 \OMS/cmsy/m/n/10 ^^T \OML/cmm/m/it/10 i < fila
s\OT1/cmr/m/n/10 (\OML/cmm/m/it/10 m\OT1/cmr/m/n/10 )  \OMS/cmsy/m/n/10 ^[]  \O
ML/cmm/m/it/10 z\OT1/cmr/m/n/10 [\OML/cmm/m/it/10 j\OT1/cmr/m/n/10 ][\OML/cmm/m
/it/10 ord\OT1/cmr/m/n/10 (\OML/cmm/m/it/10 INDCODUSU\OT1/cmr/m/n/10 )] = \OML/
cmm/m/it/10 m\OT1/cmr/m/n/10 [\OML/cmm/m/it/10 i\OT1/cmr/m/n/10 ][\OML/cmm/m/it
/10 ord\OT1/cmr/m/n/10 (\OML/cmm/m/it/10 HOGCODUSU\OT1/cmr/m/n/10 )])[] 
 []


Overfull \hbox (13.04503pt too wide) in paragraph at lines 194--194
[][][]\OT1/cmr/m/n/10 (\OMS/cmsy/m/n/10 8\OML/cmm/m/it/10 i \OT1/cmr/m/n/10 : \
U/dsrom/m/n/10 Z\OT1/cmr/m/n/10 )(0 \OMS/cmsy/m/n/10 ^^T \OML/cmm/m/it/10 i < f
ilas\OT1/cmr/m/n/10 (\OML/cmm/m/it/10 m\OT1/cmr/m/n/10 ) [][]\OMS/cmsy/m/n/10 !
[] \OT1/cmr/m/n/10 ([][] [][] 
 []

[3]
Overfull \hbox (1.12466pt too wide) in paragraph at lines 273--273
[][][] [][] \OML/cmm/m/it/10 if[] \OMS/cmsy/m/n/10 ^ [][][]$\OT1/cmr/bx/n/10 ; 

 []


Overfull \hbox (33.5405pt too wide) in paragraph at lines 279--279
[][][] [][] [] \OMS/cmsy/m/n/10 ^ [] ^[] [] ^[]
 []

[4]
Overfull \hbox (17.30652pt too wide) in paragraph at lines 328--328
[][][]\OT1/cmr/m/n/10 (\OMS/cmsy/m/n/10 8\OML/cmm/m/it/10 i \OT1/cmr/m/n/10 : \
U/dsrom/m/n/10 Z\OT1/cmr/m/n/10 )((0 \OMS/cmsy/m/n/10 ^^T \OML/cmm/m/it/10 i < 
filas\OT1/cmr/m/n/10 (\OML/cmm/m/it/10 th\OT1/cmr/m/n/10 ) \OMS/cmsy/m/n/10 ^^@
 \OT1/cmr/m/n/10 1  \OMS/cmsy/m/n/10 ^  \OML/cmm/m/it/10 th\OT1/cmr/m/n/10 [\OM
L/cmm/m/it/10 i\OT1/cmr/m/n/10 ][\OML/cmm/m/it/10 ord\OT1/cmr/m/n/10 (\OML/cmm/
m/it/10 REGION\OT1/cmr/m/n/10 )] = \OML/cmm/m/it/10 th\OT1/cmr/m/n/10 [\OML/cmm
/m/it/10 i \OT1/cmr/m/n/10 + 1][\OML/cmm/m/it/10 ord\OT1/cmr/m/n/10 (\OML/cmm/m
/it/10 REGION\OT1/cmr/m/n/10 )]) [][]\OMS/cmsy/m/n/10 ![] \OT1/cmr/m/n/10 (\OML
/cmm/m/it/10 th\OT1/cmr/m/n/10 [\OML/cmm/m/it/10 i\OT1/cmr/m/n/10 ][\OML/cmm/m/
it/10 ord\OT1/cmr/m/n/10 (\OML/cmm/m/it/10 HOGCODUSU\OT1/cmr/m/n/10 )] \OMS/cms
y/m/n/10 ^^T
 []

[5] [6] [7] (./Parte 2.aux
LaTeX Info: Redefining \. on input line 9.
LaTeX Info: Redefining \% on input line 9.
) ) 
Here is how much of TeX's memory you used:
 17719 strings out of 479023
 334299 string characters out of 5853911
 663054 words of memory out of 5000000
 34826 multiletter control sequences out of 15000+600000
 409262 words of font info for 53 fonts, out of 8000000 for 9000
 1141 hyphenation exceptions out of 8191
 92i,8n,96p,652b,361s stack positions out of 5000i,500n,10000p,200000b,80000s
{d:/Programas/Tex lite/texlive/2020/texmf-dist/fonts/enc/dvips/cm-super/cm-s
uper-ts1.enc}<d:/Programas/Tex lite/texlive/2020/texmf-dist/fonts/type1/public/
amsfonts/cm/cmbx10.pfb><d:/Programas/Tex lite/texlive/2020/texmf-dist/fonts/typ
e1/public/amsfonts/cm/cmbx12.pfb><d:/Programas/Tex lite/texlive/2020/texmf-dist
/fonts/type1/public/amsfonts/cm/cmex10.pfb><d:/Programas/Tex lite/texlive/2020/
texmf-dist/fonts/type1/public/amsfonts/cm/cmmi10.pfb><d:/Programas/Tex lite/tex
live/2020/texmf-dist/fonts/type1/public/amsfonts/cm/cmmi7.pfb><d:/Programas/Tex
 lite/texlive/2020/texmf-dist/fonts/type1/public/amsfonts/cm/cmr10.pfb><d:/Prog
ramas/Tex lite/texlive/2020/texmf-dist/fonts/type1/public/amsfonts/cm/cmr12.pfb
><d:/Programas/Tex lite/texlive/2020/texmf-dist/fonts/type1/public/amsfonts/cm/
cmr7.pfb><d:/Programas/Tex lite/texlive/2020/texmf-dist/fonts/type1/public/amsf
onts/cm/cmss10.pfb><d:/Programas/Tex lite/texlive/2020/texmf-dist/fonts/type1/p
ublic/amsfonts/cm/cmssbx10.pfb><d:/Programas/Tex lite/texlive/2020/texmf-dist/f
onts/type1/public/amsfonts/cm/cmsy10.pfb><d:/Programas/Tex lite/texlive/2020/te
xmf-dist/fonts/type1/public/amsfonts/cm/cmsy7.pfb><d:/Programas/Tex lite/texliv
e/2020/texmf-dist/fonts/type1/public/amsfonts/cm/cmtt10.pfb><d:/Programas/Tex l
ite/texlive/2020/texmf-dist/fonts/type1/public/doublestroke/dsrom10.pfb><d:/Pro
gramas/Tex lite/texlive/2020/texmf-dist/fonts/type1/public/amsfonts/symbols/msb
m10.pfb><d:/Programas/Tex lite/texlive/2020/texmf-dist/fonts/type1/public/cm-su
per/sfrm1000.pfb>
Output written on "Parte 2.pdf" (8 pages, 554293 bytes).
PDF statistics:
 125 PDF objects out of 1000 (max. 8388607)
 80 compressed objects within 1 object stream
 0 named destinations out of 1000 (max. 500000)
 119 words of extra memory for PDF output out of 10000 (max. 10000000)

